2024-10-24 15:02:59 - 正在初始化已有站点栏目信息！
2024-10-24 15:03:13 - fashionncare.com 域名无法ping通，已删除！请手动确认该域名已过白！
2024-10-24 15:03:22 - oldnudism.com 域名无法ping通，已删除！请手动确认该域名已过白！
2024-10-24 15:03:28 - youjizzyontu.com 域名无法ping通，已删除！请手动确认该域名已过白！
2024-10-24 15:03:33 - primehentai.com 域名无法ping通，已删除！请手动确认该域名已过白！
2024-10-24 15:03:34 - 创建宝塔分类成功！分类名: 1729753413
2024-10-24 15:04:18 - 成功創建網站[olderladyfuck.com,novorss.com,billmadisonmusic.com,ultimatexxxvids.com,xxxx-matures.com,pembetv18.com,xxxzing.com,wwwyoujizz.net,freshheathervahn.com,pornback.com]
2024-10-24 15:04:20 - 批量添加站点入分类成功！
2024-10-24 15:04:22 - 已成功删除临时分类 1729753413
2024-10-24 15:04:23 - 已添加['olderladyfuck.com', 'novorss.com', 'billmadisonmusic.com', 'ultimatexxxvids.com', 'xxxx-matures.com', 'pembetv18.com', 'xxxzing.com', 'wwwyoujizz.net', 'freshheathervahn.com', 'pornback.com']入当前网站分类 默認類別
2024-10-24 15:04:34 - statics.zip 文件上传成功！
2024-10-24 15:04:35 - /www/wwwroot/statics.zip 解压成功
2024-10-24 15:04:37 - /www/wwwroot/statics.zip 解压成功
2024-10-24 15:04:38 - /www/wwwroot/statics.zip 解压成功
2024-10-24 15:04:39 - /www/wwwroot/statics.zip 解压成功
2024-10-24 15:04:41 - /www/wwwroot/statics.zip 解压成功
2024-10-24 15:04:42 - /www/wwwroot/statics.zip 解压成功
2024-10-24 15:04:43 - /www/wwwroot/statics.zip 解压成功
2024-10-24 15:04:45 - /www/wwwroot/statics.zip 解压成功
2024-10-24 15:04:46 - /www/wwwroot/statics.zip 解压成功
2024-10-24 15:04:47 - /www/wwwroot/statics.zip 解压成功
2024-10-24 15:04:48 - /www/wwwroot/statics.zip 文件移至回收箱！
2024-10-24 15:04:50 - 备份MySql移动至备份目录
2024-10-24 15:05:00 - pornback.com 恢复数据库成功！
2024-10-24 15:05:01 - pornback.com 数据库配置文件成功！
2024-10-24 15:05:03 - /www/wwwroot/pornback.com/2024-08-10_14-56-12_mysql_data.sql 文件移至回收箱！
2024-10-24 15:05:14 - freshheathervahn.com 恢复数据库成功！
2024-10-24 15:05:15 - freshheathervahn.com 数据库配置文件成功！
2024-10-24 15:05:16 - /www/wwwroot/freshheathervahn.com/2024-08-10_14-56-12_mysql_data.sql 文件移至回收箱！
2024-10-24 15:05:27 - wwwyoujizz.net 恢复数据库成功！
2024-10-24 15:05:28 - wwwyoujizz.net 数据库配置文件成功！
2024-10-24 15:05:29 - /www/wwwroot/wwwyoujizz.net/2024-08-10_14-56-12_mysql_data.sql 文件移至回收箱！
2024-10-24 15:05:39 - xxxzing.com 恢复数据库成功！
2024-10-24 15:05:40 - xxxzing.com 数据库配置文件成功！
2024-10-24 15:05:41 - /www/wwwroot/xxxzing.com/2024-08-10_14-56-12_mysql_data.sql 文件移至回收箱！
2024-10-24 15:05:51 - pembetv18.com 恢复数据库成功！
2024-10-24 15:05:52 - pembetv18.com 数据库配置文件成功！
2024-10-24 15:05:53 - /www/wwwroot/pembetv18.com/2024-08-10_14-56-12_mysql_data.sql 文件移至回收箱！
2024-10-24 15:06:03 - xxxx-matures.com 恢复数据库成功！
2024-10-24 15:06:04 - xxxx-matures.com 数据库配置文件成功！
2024-10-24 15:06:05 - /www/wwwroot/xxxx-matures.com/2024-08-10_14-56-12_mysql_data.sql 文件移至回收箱！
2024-10-24 15:06:15 - ultimatexxxvids.com 恢复数据库成功！
2024-10-24 15:06:16 - ultimatexxxvids.com 数据库配置文件成功！
2024-10-24 15:06:17 - /www/wwwroot/ultimatexxxvids.com/2024-08-10_14-56-12_mysql_data.sql 文件移至回收箱！
2024-10-24 15:06:27 - billmadisonmusic.com 恢复数据库成功！
2024-10-24 15:06:28 - billmadisonmusic.com 数据库配置文件成功！
2024-10-24 15:06:29 - /www/wwwroot/billmadisonmusic.com/2024-08-10_14-56-12_mysql_data.sql 文件移至回收箱！
2024-10-24 15:06:39 - novorss.com 恢复数据库成功！
2024-10-24 15:06:41 - novorss.com 数据库配置文件成功！
2024-10-24 15:06:41 - /www/wwwroot/novorss.com/2024-08-10_14-56-12_mysql_data.sql 文件移至回收箱！
2024-10-24 15:06:51 - olderladyfuck.com 恢复数据库成功！
2024-10-24 15:06:52 - olderladyfuck.com 数据库配置文件成功！
2024-10-24 15:06:53 - /www/wwwroot/olderladyfuck.com/2024-08-10_14-56-12_mysql_data.sql 文件移至回收箱！
2024-10-24 15:06:54 - /www/backup/database/2024-08-10_14-56-12_mysql_data.sql 文件移至回收箱！
2024-10-24 15:06:55 -  模板文件上传成功
2024-10-24 15:06:56 - /www/wwwroot//20241018144936287.zip 解压成功
2024-10-24 15:06:56 - 20241018144936287.zip 模板解压完毕
2024-10-24 15:06:57 - pornback.com 上传静态规则成功
2024-10-24 15:06:58 - pornback.com 网站TDK设置成功
2024-10-24 15:06:59 - pornback.com 栏目添加成功
2024-10-24 15:06:59 - pornback.com 网站备案设置更新成功
2024-10-24 15:07:01 -  模板文件上传成功
2024-10-24 15:07:02 - /www/wwwroot//20241023204943218.zip 解压成功
2024-10-24 15:07:02 - 20241023204943218.zip 模板解压完毕
2024-10-24 15:07:03 - freshheathervahn.com 上传静态规则成功
2024-10-24 15:07:03 - freshheathervahn.com 网站TDK设置成功
2024-10-24 15:07:05 - freshheathervahn.com 栏目添加成功
2024-10-24 15:07:05 - freshheathervahn.com 网站备案设置更新成功
2024-10-24 15:07:07 -  模板文件上传成功
2024-10-24 15:07:08 - /www/wwwroot//20241018144835297.zip 解压成功
2024-10-24 15:07:08 - 20241018144835297.zip 模板解压完毕
2024-10-24 15:07:09 - wwwyoujizz.net 上传静态规则成功
2024-10-24 15:07:10 - wwwyoujizz.net 网站TDK设置失败
2024-10-24 15:07:12 -  模板文件上传成功
2024-10-24 15:07:13 - /www/wwwroot//20241023204839382.zip 解压成功
2024-10-24 15:07:13 - 20241023204839382.zip 模板解压完毕
2024-10-24 15:07:14 - xxxzing.com 上传静态规则成功
2024-10-24 15:07:15 - xxxzing.com 网站TDK设置失败 失败原因: Expecting value: line 1 column 1 (char 0)
2024-10-24 15:07:16 -  模板文件上传成功
2024-10-24 15:07:17 - /www/wwwroot//20241023204707379.zip 解压成功
2024-10-24 15:07:17 - 20241023204707379.zip 模板解压完毕
2024-10-24 15:07:18 - pembetv18.com 上传静态规则成功
2024-10-24 15:07:19 - pembetv18.com 网站TDK设置成功
2024-10-24 15:07:20 - pembetv18.com 栏目添加成功
2024-10-24 15:07:20 - pembetv18.com 网站备案设置更新成功
2024-10-24 15:07:22 - /www/wwwroot//20241023204839382.zip 解压成功
2024-10-24 15:07:22 - 20241023204839382.zip 模板解压完毕
2024-10-24 15:07:23 - xxxx-matures.com 上传静态规则成功
2024-10-24 15:07:23 - xxxx-matures.com 网站TDK设置成功
2024-10-24 15:07:25 - xxxx-matures.com 栏目添加成功
2024-10-24 15:07:25 - xxxx-matures.com 网站备案设置更新成功
2024-10-24 15:07:26 - /www/wwwroot//20241023204707379.zip 解压成功
2024-10-24 15:07:26 - 20241023204707379.zip 模板解压完毕
2024-10-24 15:07:27 - ultimatexxxvids.com 上传静态规则成功
2024-10-24 15:07:28 - ultimatexxxvids.com 网站TDK设置成功
2024-10-24 15:07:29 - ultimatexxxvids.com 栏目添加成功
2024-10-24 15:07:29 - ultimatexxxvids.com 网站备案设置更新成功
2024-10-24 15:07:31 - /www/wwwroot//20241018144936287.zip 解压成功
2024-10-24 15:07:31 - 20241018144936287.zip 模板解压完毕
2024-10-24 15:07:32 - billmadisonmusic.com 上传静态规则成功
2024-10-24 15:07:35 - billmadisonmusic.com 网站TDK设置成功
2024-10-24 15:07:36 - billmadisonmusic.com 栏目添加成功
2024-10-24 15:07:36 - billmadisonmusic.com 网站备案设置更新成功
2024-10-24 15:07:38 -  模板文件上传成功
2024-10-24 15:07:39 - /www/wwwroot//20241023204647800.zip 解压成功
2024-10-24 15:07:39 - 20241023204647800.zip 模板解压完毕
2024-10-24 15:07:40 - novorss.com 上传静态规则成功
2024-10-24 15:07:40 - novorss.com 网站TDK设置成功
2024-10-24 15:07:42 - novorss.com 栏目添加成功
2024-10-24 15:07:42 - novorss.com 网站备案设置更新成功
2024-10-24 15:07:45 -  模板文件上传成功
2024-10-24 15:07:46 - /www/wwwroot//20241023204807261.zip 解压成功
2024-10-24 15:07:46 - 20241023204807261.zip 模板解压完毕
2024-10-24 15:07:47 - olderladyfuck.com 上传静态规则成功
2024-10-24 15:07:48 - olderladyfuck.com 网站TDK设置失败 失败原因: Expecting value: line 1 column 1 (char 0)
2024-10-24 15:07:49 - /www/wwwroot/20241018144936287.zip 文件移至回收箱！
2024-10-24 15:07:49 - /www/wwwroot/20241023204943218.zip 文件移至回收箱！
2024-10-24 15:07:50 - /www/wwwroot/20241018144835297.zip 文件移至回收箱！
2024-10-24 15:07:51 - /www/wwwroot/20241023204839382.zip 文件移至回收箱！
2024-10-24 15:07:52 - /www/wwwroot/20241023204707379.zip 文件移至回收箱！
2024-10-24 15:07:52 - /www/wwwroot/20241023204647800.zip 文件移至回收箱！
2024-10-24 15:07:53 - /www/wwwroot/20241023204807261.zip 文件移至回收箱！
2024-10-24 15:07:53 - 所有任务执行完毕！
2024-10-24 15:07:58 - pornback.com 添加域名配置入后台成功
2024-10-24 15:07:59 - freshheathervahn.com 添加域名配置入后台成功
2024-10-24 15:07:59 - 重试 - wwwyoujizz.net 网站TDK设置失败
2024-10-24 15:07:59 - 重试 - xxxzing.com 网站TDK设置失败
2024-10-24 15:08:00 - pembetv18.com 添加域名配置入后台成功
2024-10-24 15:08:01 - xxxx-matures.com 添加域名配置入后台成功
2024-10-24 15:08:01 - ultimatexxxvids.com 添加域名配置入后台成功
2024-10-24 15:08:01 - billmadisonmusic.com 添加域名配置入后台成功
2024-10-24 15:08:02 - novorss.com 添加域名配置入后台成功
2024-10-24 15:08:02 - 重试 - olderladyfuck.com 网站TDK设置失败
2024-10-24 15:08:08 - 重试 - wwwyoujizz.net 网站TDK设置失败
2024-10-24 15:08:09 - 重试 - xxxzing.com 网站TDK设置失败
2024-10-24 15:08:09 - 重试 - olderladyfuck.com 网站TDK设置失败
