2024-09-28 11:10:43 - 正在初始化已有站点栏目信息！
2024-09-28 11:12:47 - 创建宝塔分类成功！分类名: 1727493167
2024-09-28 11:12:49 - 创建网站 [ sanqindadi.com ] 成功
2024-09-28 11:12:49 - 批量添加站点入分类成功！
2024-09-28 11:12:50 - 已成功删除临时分类 1727493167
2024-09-28 11:12:50 - 已添加['sanqindadi.com']入当前网站分类 默认分类
2024-09-28 11:12:55 - yoy.zip 文件上传成功！
2024-09-28 11:12:57 - /www/wwwroot/yoy.zip 解压成功
2024-09-28 11:12:57 - /www/wwwroot/yoy.zip 已将文件移动到回收站!
2024-09-28 11:12:57 - 备份MySql移动至备份目录
2024-09-28 11:12:58 - sanqindadi.com 恢复数据库成功！
2024-09-28 11:12:59 - sanqindadi.com 数据库配置文件成功！
2024-09-28 11:12:59 - /www/wwwroot/sanqindadi.com/2024-08-10_14-56-12_mysql_data.sql 已将文件移动到回收站!
2024-09-28 11:12:59 - /www/backup/database/2024-08-10_14-56-12_mysql_data.sql 已将文件移动到回收站!
2024-09-28 11:13:01 -  模板文件上传成功
2024-09-28 11:13:01 - /www/wwwroot//20240926140634882.zip 解压成功
2024-09-28 11:13:01 - 20240926140634882.zip 模板解压完毕
2024-09-28 11:13:02 - sanqindadi.com 上传静态规则成功
2024-09-28 11:13:02 - sanqindadi.com 网站TDK设置成功
2024-09-28 11:13:03 - sanqindadi.com 栏目添加成功
2024-09-28 11:13:03 - sanqindadi.com 网站备案设置更新成功
2024-09-28 11:13:03 - sanqindadi.com 添加域名配置入后台成功
2024-09-28 11:13:03 - sanqindadi.com 任务执行完毕！
2024-09-28 11:13:03 - /www/wwwroot/20240926140634882.zip 已将文件移动到回收站!
2024-09-28 11:13:03 - 所有任务执行完毕！
