2024-10-23 11:11:29 - 正在初始化已有站点栏目信息！
2024-10-23 11:11:29 - 创建宝塔分类成功！分类名: 1729653089
2024-10-23 11:11:43 - 创建网站 [ q3vp.q315.com,4sa9.q315.com,yu70.q315.com,fe91.q315.com ] 成功
2024-10-23 11:11:45 - 批量添加站点入分类成功！
2024-10-23 11:11:45 - 已成功删除临时分类 1729653089
2024-10-23 11:11:45 - 已添加['q3vp.q315.com', '4sa9.q315.com', 'yu70.q315.com', 'fe91.q315.com']入当前网站分类 默认分类
2024-10-23 11:11:50 - statics.zip 文件上传成功！
2024-10-23 11:11:52 - /www/wwwroot/statics.zip 解压成功
2024-10-23 11:11:53 - /www/wwwroot/statics.zip 解压成功
2024-10-23 11:11:55 - /www/wwwroot/statics.zip 解压成功
2024-10-23 11:11:56 - /www/wwwroot/statics.zip 解压成功
2024-10-23 11:11:56 - /www/wwwroot/statics.zip 已将文件移动到回收站!
2024-10-23 11:11:57 - 备份MySql移动至备份目录
2024-10-23 11:11:59 - fe91.q315.com 恢复数据库成功！
2024-10-23 11:11:59 - fe91.q315.com 数据库配置文件成功！
2024-10-23 11:11:59 - /www/wwwroot/fe91.q315.com/2024-08-10_14-56-12_mysql_data.sql 已将文件移动到回收站!
2024-10-23 11:12:00 - yu70.q315.com 恢复数据库成功！
2024-10-23 11:12:01 - yu70.q315.com 数据库配置文件成功！
2024-10-23 11:12:01 - /www/wwwroot/yu70.q315.com/2024-08-10_14-56-12_mysql_data.sql 已将文件移动到回收站!
2024-10-23 11:12:03 - 4sa9.q315.com 恢复数据库成功！
2024-10-23 11:12:03 - 4sa9.q315.com 数据库配置文件成功！
2024-10-23 11:12:04 - /www/wwwroot/4sa9.q315.com/2024-08-10_14-56-12_mysql_data.sql 已将文件移动到回收站!
2024-10-23 11:12:05 - q3vp.q315.com 恢复数据库成功！
2024-10-23 11:12:05 - q3vp.q315.com 数据库配置文件成功！
2024-10-23 11:12:06 - /www/wwwroot/q3vp.q315.com/2024-08-10_14-56-12_mysql_data.sql 已将文件移动到回收站!
2024-10-23 11:12:06 - /www/backup/database/2024-08-10_14-56-12_mysql_data.sql 已将文件移动到回收站!
2024-10-23 11:12:07 -  模板文件上传成功
2024-10-23 11:12:07 - /www/wwwroot//20240904140533371.zip 解压成功
2024-10-23 11:12:07 - 20240904140533371.zip 模板解压完毕
2024-10-23 11:12:09 - fe91.q315.com 上传静态规则成功
2024-10-23 11:12:10 - fe91.q315.com 网站TDK设置成功
2024-10-23 11:12:10 - fe91.q315.com 栏目添加成功
2024-10-23 11:12:10 - fe91.q315.com 未检测到该网站备案
2024-10-23 11:12:10 - fe91.q315.com 添加域名配置入后台成功
2024-10-23 11:12:10 - fe91.q315.com 任务执行完毕！
2024-10-23 11:12:11 -  模板文件上传成功
2024-10-23 11:12:11 - /www/wwwroot//20241016134554693.zip 解压成功
2024-10-23 11:12:11 - 20241016134554693.zip 模板解压完毕
2024-10-23 11:12:12 - yu70.q315.com 上传静态规则成功
2024-10-23 11:12:13 - yu70.q315.com 网站TDK设置成功
2024-10-23 11:12:14 - yu70.q315.com 栏目添加成功
2024-10-23 11:12:14 - yu70.q315.com 未检测到该网站备案
2024-10-23 11:12:14 - yu70.q315.com 添加域名配置入后台成功
2024-10-23 11:12:14 - yu70.q315.com 任务执行完毕！
2024-10-23 11:12:14 -  模板文件上传成功
2024-10-23 11:12:14 - /www/wwwroot//20240919160616679.zip 解压成功
2024-10-23 11:12:14 - 20240919160616679.zip 模板解压完毕
2024-10-23 11:12:15 - 4sa9.q315.com 上传静态规则成功
2024-10-23 11:12:18 - 4sa9.q315.com 网站TDK设置成功
2024-10-23 11:12:19 - 4sa9.q315.com 栏目添加成功
2024-10-23 11:12:19 - 4sa9.q315.com 未检测到该网站备案
2024-10-23 11:12:19 - 4sa9.q315.com 添加域名配置入后台成功
2024-10-23 11:12:19 - 4sa9.q315.com 任务执行完毕！
2024-10-23 11:12:19 - /www/wwwroot//20241016134554693.zip 解压成功
2024-10-23 11:12:19 - 20241016134554693.zip 模板解压完毕
2024-10-23 11:12:20 - q3vp.q315.com 上传静态规则成功
2024-10-23 11:12:21 - q3vp.q315.com 网站TDK设置成功
2024-10-23 11:12:21 - q3vp.q315.com 栏目添加成功
2024-10-23 11:12:21 - q3vp.q315.com 未检测到该网站备案
2024-10-23 11:12:21 - q3vp.q315.com 添加域名配置入后台成功
2024-10-23 11:12:21 - q3vp.q315.com 任务执行完毕！
2024-10-23 11:12:22 - /www/wwwroot/20240904140533371.zip 已将文件移动到回收站!
2024-10-23 11:12:22 - /www/wwwroot/20241016134554693.zip 已将文件移动到回收站!
2024-10-23 11:12:22 - /www/wwwroot/20240919160616679.zip 已将文件移动到回收站!
2024-10-23 11:12:22 - 所有任务执行完毕！
