2024-09-25 20:12:42 - 正在初始化已有站点栏目信息！
2024-09-25 20:13:18 - 创建宝塔分类成功！分类名: 1727266397
2024-09-25 20:13:19 - 创建网站 [ zdmachin.com ] 成功
2024-09-25 20:13:20 - 批量添加站点入分类成功！
2024-09-25 20:13:20 - 已成功删除临时分类 1727266397
2024-09-25 20:13:20 - 已添加['zdmachin.com']入当前网站分类 默认分类
2024-09-25 20:13:26 - yoy.zip 文件上传成功！
2024-09-25 20:13:27 - /www/wwwroot/yoy.zip 解压成功
2024-09-25 20:13:27 - /www/wwwroot/yoy.zip 已将文件移动到回收站!
2024-09-25 20:13:27 - 备份MySql移动至备份目录
2024-09-25 20:13:29 - zdmachin.com 恢复数据库成功！
2024-09-25 20:13:29 - zdmachin.com 数据库配置文件成功！
2024-09-25 20:13:29 - /www/wwwroot/zdmachin.com/2024-08-10_14-56-12_mysql_data.sql 已将文件移动到回收站!
2024-09-25 20:13:29 - /www/backup/database/2024-08-10_14-56-12_mysql_data.sql 已将文件移动到回收站!
2024-09-25 20:13:31 -  模板文件上传成功
2024-09-25 20:13:31 - /www/wwwroot//20240904142125334.zip 解压成功
2024-09-25 20:13:31 - 20240904142125334.zip 模板解压完毕
2024-09-25 20:13:32 - zdmachin.com 上传静态规则成功
2024-09-25 20:13:32 - zdmachin.com 网站TDK设置失败 失败原因: Expecting value: line 1 column 1 (char 0)
2024-09-25 20:13:32 - /www/wwwroot/20240904142125334.zip 已将文件移动到回收站!
2024-09-25 20:13:32 - 所有任务执行完毕！
