2024-09-23 13:50:14 - 正在初始化已有站点栏目信息！
2024-09-23 13:51:59 - 创建宝塔分类成功！分类名: 1727070719
2024-09-23 13:52:01 - 创建网站 [ tlgashburnva.com ] 成功
2024-09-23 13:52:02 - 批量添加站点入分类成功！
2024-09-23 13:52:02 - 已成功删除临时分类 1727070719
2024-09-23 13:52:02 - 已添加['tlgashburnva.com']入当前网站分类 默认分类
2024-09-23 13:52:08 - yoy.zip 文件上传成功！
2024-09-23 13:52:09 - /www/wwwroot/yoy.zip 解压成功
2024-09-23 13:52:09 - /www/wwwroot/yoy.zip 已将文件移动到回收站!
2024-09-23 13:52:10 - 备份MySql移动至备份目录
2024-09-23 13:52:11 - tlgashburnva.com 恢复数据库成功！
2024-09-23 13:52:11 - tlgashburnva.com 数据库配置文件成功！
2024-09-23 13:52:12 - /www/wwwroot/tlgashburnva.com/2024-08-10_14-56-12_mysql_data.sql 已将文件移动到回收站!
2024-09-23 13:52:12 - /www/backup/database/2024-08-10_14-56-12_mysql_data.sql 已将文件移动到回收站!
2024-09-23 13:52:41 -  模板文件上传成功
2024-09-23 13:52:41 - /www/wwwroot//20240921095516972.zip 解压成功
2024-09-23 13:52:41 - 20240921095516972.zip 模板解压完毕
2024-09-23 13:52:42 - tlgashburnva.com 上传静态规则成功
2024-09-23 13:52:42 - tlgashburnva.com 网站TDK设置成功
2024-09-23 13:52:43 - tlgashburnva.com 栏目添加成功
2024-09-23 13:52:43 - tlgashburnva.com 网站备案设置更新成功
2024-09-23 13:52:43 - tlgashburnva.com 添加域名配置入后台成功
2024-09-23 13:52:43 - tlgashburnva.com 任务执行完毕！
2024-09-23 13:52:43 - /www/wwwroot/20240921095516972.zip 已将文件移动到回收站!
2024-09-23 13:52:43 - 所有任务执行完毕！
