2024-09-21 16:06:42 - 正在初始化已有站点栏目信息！
2024-09-21 16:09:10 - 创建宝塔分类成功！分类名: 1726906150
2024-09-21 16:09:11 - 创建网站 [ openetas.com ] 成功
2024-09-21 16:09:12 - 批量添加站点入分类成功！
2024-09-21 16:09:13 - 已成功删除临时分类 1726906150
2024-09-21 16:09:13 - 已添加['openetas.com']入当前网站分类 默认分类
2024-09-21 16:09:18 - topthink.zip 文件上传成功！
2024-09-21 16:09:19 - /www/wwwroot/topthink.zip 解压成功
2024-09-21 16:09:19 - /www/wwwroot/topthink.zip 已将文件移动到回收站!
2024-09-21 16:09:20 - 备份MySql移动至备份目录
2024-09-21 16:09:21 - openetas.com 恢复数据库成功！
2024-09-21 16:09:21 - openetas.com 数据库配置文件成功！
2024-09-21 16:09:22 - /www/wwwroot/openetas.com/2024-08-10_14-56-12_mysql_data.sql 已将文件移动到回收站!
2024-09-21 16:09:22 - /www/backup/database/2024-08-10_14-56-12_mysql_data.sql 已将文件移动到回收站!
2024-09-21 16:09:25 -  模板文件上传成功
2024-09-21 16:09:25 - /www/wwwroot//20240910095413353.zip 解压成功
2024-09-21 16:09:25 - 20240910095413353.zip 模板解压完毕
2024-09-21 16:09:26 - openetas.com 上传静态规则成功
2024-09-21 16:09:29 - openetas.com 网站TDK设置成功
2024-09-21 16:09:29 - openetas.com 栏目添加成功
2024-09-21 16:09:29 - openetas.com 网站备案设置更新成功
2024-09-21 16:09:29 - openetas.com 添加域名配置入后台成功
2024-09-21 16:09:29 - openetas.com 任务执行完毕！
2024-09-21 16:09:30 - /www/wwwroot/20240910095413353.zip 已将文件移动到回收站!
2024-09-21 16:09:30 - 所有任务执行完毕！
