2024-10-21 18:25:35 - 正在初始化已有站点栏目信息！
2024-10-21 18:25:35 - 创建宝塔分类成功！分类名: 1729506335
2024-10-21 18:25:43 - 创建网站 [ a.nc3fitness.com,b.nc3fitness.com ] 成功
2024-10-21 18:25:44 - 批量添加站点入分类成功！
2024-10-21 18:25:44 - 已成功删除临时分类 1729506335
2024-10-21 18:25:44 - 已添加['a.nc3fitness.com', 'b.nc3fitness.com']入当前网站分类 默认分类
2024-10-21 18:25:50 - statics.zip 文件上传成功！
2024-10-21 18:25:52 - /www/wwwroot/statics.zip 解压成功
2024-10-21 18:25:53 - /www/wwwroot/statics.zip 解压成功
2024-10-21 18:25:53 - /www/wwwroot/statics.zip 已将文件移动到回收站!
2024-10-21 18:25:54 - 备份MySql移动至备份目录
2024-10-21 18:25:55 - b.nc3fitness.com 恢复数据库成功！
2024-10-21 18:25:56 - b.nc3fitness.com 数据库配置文件成功！
2024-10-21 18:25:56 - /www/wwwroot/b.nc3fitness.com/2024-08-10_14-56-12_mysql_data.sql 已将文件移动到回收站!
2024-10-21 18:25:57 - a.nc3fitness.com 恢复数据库成功！
2024-10-21 18:25:58 - a.nc3fitness.com 数据库配置文件成功！
2024-10-21 18:25:58 - /www/wwwroot/a.nc3fitness.com/2024-08-10_14-56-12_mysql_data.sql 已将文件移动到回收站!
2024-10-21 18:25:58 - /www/backup/database/2024-08-10_14-56-12_mysql_data.sql 已将文件移动到回收站!
2024-10-21 18:26:01 -  模板文件上传成功
2024-10-21 18:26:01 - /www/wwwroot//20241009111513209.zip 解压成功
2024-10-21 18:26:01 - 20241009111513209.zip 模板解压完毕
2024-10-21 18:26:02 - b.nc3fitness.com 上传静态规则成功
2024-10-21 18:26:04 - b.nc3fitness.com 网站TDK设置失败
2024-10-21 18:26:06 -  模板文件上传成功
2024-10-21 18:26:06 - /www/wwwroot//20241016144938826.zip 解压成功
2024-10-21 18:26:06 - 20241016144938826.zip 模板解压完毕
2024-10-21 18:26:07 - a.nc3fitness.com 上传静态规则成功
2024-10-21 18:26:07 - a.nc3fitness.com 网站TDK设置失败
2024-10-21 18:26:07 - /www/wwwroot/20241009111513209.zip 已将文件移动到回收站!
2024-10-21 18:26:07 - /www/wwwroot/20241016144938826.zip 已将文件移动到回收站!
2024-10-21 18:26:07 - 所有任务执行完毕！
