2024-09-24 10:49:27 - 正在初始化已有站点栏目信息！
2024-09-24 10:49:56 - 创建宝塔分类成功！分类名: 1727146196
2024-09-24 10:49:58 - 创建网站 [ chesspeer.com ] 成功
2024-09-24 10:49:58 - 批量添加站点入分类成功！
2024-09-24 10:49:59 - 已成功删除临时分类 1727146196
2024-09-24 10:49:59 - 已添加['chesspeer.com']入当前网站分类 默认分类
2024-09-24 10:50:04 - yoy.zip 文件上传成功！
2024-09-24 10:50:05 - /www/wwwroot/yoy.zip 解压成功
2024-09-24 10:50:05 - /www/wwwroot/yoy.zip 已将文件移动到回收站!
2024-09-24 10:50:06 - 备份MySql移动至备份目录
2024-09-24 10:50:07 - chesspeer.com 恢复数据库成功！
2024-09-24 10:50:07 - chesspeer.com 数据库配置文件成功！
2024-09-24 10:50:07 - /www/wwwroot/chesspeer.com/2024-08-10_14-56-12_mysql_data.sql 已将文件移动到回收站!
2024-09-24 10:50:08 - /www/backup/database/2024-08-10_14-56-12_mysql_data.sql 已将文件移动到回收站!
2024-09-24 10:50:34 -  模板文件上传成功
2024-09-24 10:50:35 - /www/wwwroot//20240914150331667.zip 解压成功
2024-09-24 10:50:35 - 20240914150331667.zip 模板解压完毕
2024-09-24 10:50:36 - chesspeer.com 上传静态规则成功
2024-09-24 10:50:36 - chesspeer.com 网站TDK设置成功
2024-09-24 10:50:36 - chesspeer.com 栏目添加成功
2024-09-24 10:50:36 - chesspeer.com 网站备案设置更新成功
2024-09-24 10:50:36 - chesspeer.com 添加域名配置入后台成功
2024-09-24 10:50:36 - chesspeer.com 任务执行完毕！
2024-09-24 10:50:36 - /www/wwwroot/20240914150331667.zip 已将文件移动到回收站!
2024-09-24 10:50:36 - 所有任务执行完毕！
