2024-09-18 13:36:04 - 正在初始化已有站点栏目信息！
2024-09-18 13:36:24 - 创建宝塔分类成功！分类名: 1726637784
2024-09-18 13:36:26 - 创建网站 [ my0635.com ] 成功
2024-09-18 13:36:27 - 批量添加站点入分类成功！
2024-09-18 13:36:27 - 已成功删除临时分类 1726637784
2024-09-18 13:36:28 - 已添加['my0635.com']入当前网站分类 默认分类
2024-09-18 13:36:33 - topthink.zip 文件上传成功！
2024-09-18 13:36:34 - /www/wwwroot/topthink.zip 解压成功
2024-09-18 13:36:34 - /www/wwwroot/topthink.zip 已将文件移动到回收站!
2024-09-18 13:36:35 - 备份MySql移动至备份目录
2024-09-18 13:36:36 - my0635.com 恢复数据库成功！
2024-09-18 13:36:36 - my0635.com 数据库配置文件成功！
2024-09-18 13:36:36 - /www/wwwroot/my0635.com/2024-08-10_14-56-12_mysql_data.sql 已将文件移动到回收站!
2024-09-18 13:36:37 - /www/backup/database/2024-08-10_14-56-12_mysql_data.sql 已将文件移动到回收站!
2024-09-18 13:36:37 -  模板文件上传成功
2024-09-18 13:36:38 - /www/wwwroot//20240912095833872.zip 解压成功
2024-09-18 13:36:38 - 20240912095833872.zip 模板解压完毕
2024-09-18 13:36:38 - my0635.com 上传静态规则成功
2024-09-18 13:36:40 - my0635.com 网站TDK设置成功
2024-09-18 13:36:40 - my0635.com 栏目添加成功
2024-09-18 13:36:40 - my0635.com 网站备案设置更新成功
2024-09-18 13:36:40 - my0635.com 添加域名配置入后台成功
2024-09-18 13:36:40 - my0635.com 任务执行完毕！
2024-09-18 13:36:41 - /www/wwwroot/20240912095833872.zip 已将文件移动到回收站!
2024-09-18 13:36:41 - 所有任务执行完毕！
