2024-10-14 13:20:49 - 正在初始化已有站点栏目信息！
2024-10-14 13:26:22 - 创建宝塔分类成功！分类名: 1728883582
2024-10-14 13:26:24 - 创建网站 [ zhimeilv.com,longzian.com ] 成功
2024-10-14 13:26:25 - 批量添加站点入分类成功！
2024-10-14 13:26:26 - 已成功删除临时分类 1728883582
2024-10-14 13:26:26 - 已添加['zhimeilv.com', 'longzian.com']入当前网站分类 默认分类
2024-10-14 13:26:31 - statics.zip 文件上传成功！
2024-10-14 13:26:32 - /www/wwwroot/statics.zip 解压成功
2024-10-14 13:26:34 - /www/wwwroot/statics.zip 解压成功
2024-10-14 13:26:34 - /www/wwwroot/statics.zip 已将文件移动到回收站!
2024-10-14 13:26:35 - 备份MySql移动至备份目录
2024-10-14 13:26:36 - longzian.com 恢复数据库成功！
2024-10-14 13:26:36 - longzian.com 数据库配置文件成功！
2024-10-14 13:26:36 - /www/wwwroot/longzian.com/2024-08-10_14-56-12_mysql_data.sql 已将文件移动到回收站!
2024-10-14 13:26:38 - zhimeilv.com 恢复数据库成功！
2024-10-14 13:26:38 - zhimeilv.com 数据库配置文件成功！
2024-10-14 13:26:38 - /www/wwwroot/zhimeilv.com/2024-08-10_14-56-12_mysql_data.sql 已将文件移动到回收站!
2024-10-14 13:26:39 - /www/backup/database/2024-08-10_14-56-12_mysql_data.sql 已将文件移动到回收站!
2024-10-14 13:26:43 -  模板文件上传成功
2024-10-14 13:26:43 - /www/wwwroot//20240910155845267.zip 解压成功
2024-10-14 13:26:43 - 20240910155845267.zip 模板解压完毕
2024-10-14 13:26:44 - longzian.com 上传静态规则成功
2024-10-14 13:26:44 - longzian.com 网站TDK设置成功
2024-10-14 13:26:45 - longzian.com 栏目添加成功
2024-10-14 13:26:45 - longzian.com 网站备案设置更新成功
2024-10-14 13:26:45 - longzian.com 添加域名配置入后台成功
2024-10-14 13:26:45 - longzian.com 任务执行完毕！
2024-10-14 13:26:48 -  模板文件上传成功
2024-10-14 13:26:49 - /www/wwwroot//20241010103212568.zip 解压成功
2024-10-14 13:26:49 - 20241010103212568.zip 模板解压完毕
2024-10-14 13:26:50 - zhimeilv.com 上传静态规则成功
2024-10-14 13:26:50 - zhimeilv.com 网站TDK设置成功
2024-10-14 13:26:50 - zhimeilv.com 栏目添加成功
2024-10-14 13:26:50 - zhimeilv.com 网站备案设置更新成功
2024-10-14 13:26:50 - zhimeilv.com 添加域名配置入后台成功
2024-10-14 13:26:50 - zhimeilv.com 任务执行完毕！
2024-10-14 13:26:51 - /www/wwwroot/20240910155845267.zip 已将文件移动到回收站!
2024-10-14 13:26:51 - /www/wwwroot/20241010103212568.zip 已将文件移动到回收站!
2024-10-14 13:26:51 - 所有任务执行完毕！
