2024-10-17 17:47:56 - 正在初始化已有站点栏目信息！
2024-10-17 17:52:15 - 创建宝塔分类成功！分类名: 1729158735
2024-10-17 17:52:17 - 创建网站 [ kaoqia.com,jiatuteng.com ] 成功
2024-10-17 17:52:19 - 批量添加站点入分类成功！
2024-10-17 17:52:19 - 已成功删除临时分类 1729158735
2024-10-17 17:52:19 - 已添加['kaoqia.com', 'jiatuteng.com']入当前网站分类 默认分类
2024-10-17 17:52:24 - statics.zip 文件上传成功！
2024-10-17 17:52:26 - /www/wwwroot/statics.zip 解压成功
2024-10-17 17:52:27 - /www/wwwroot/statics.zip 解压成功
2024-10-17 17:52:27 - /www/wwwroot/statics.zip 已将文件移动到回收站!
2024-10-17 17:52:28 - 备份MySql移动至备份目录
2024-10-17 17:52:29 - jiatuteng.com 恢复数据库成功！
2024-10-17 17:52:30 - jiatuteng.com 数据库配置文件成功！
2024-10-17 17:52:30 - /www/wwwroot/jiatuteng.com/2024-08-10_14-56-12_mysql_data.sql 已将文件移动到回收站!
2024-10-17 17:52:31 - kaoqia.com 恢复数据库成功！
2024-10-17 17:52:31 - kaoqia.com 数据库配置文件成功！
2024-10-17 17:52:32 - /www/wwwroot/kaoqia.com/2024-08-10_14-56-12_mysql_data.sql 已将文件移动到回收站!
2024-10-17 17:52:32 - /www/backup/database/2024-08-10_14-56-12_mysql_data.sql 已将文件移动到回收站!
2024-10-17 17:52:36 -  模板文件上传成功
2024-10-17 17:52:36 - /www/wwwroot//20241009111513209.zip 解压成功
2024-10-17 17:52:36 - 20241009111513209.zip 模板解压完毕
2024-10-17 17:52:37 - jiatuteng.com 上传静态规则成功
2024-10-17 17:52:37 - jiatuteng.com - 关键词 随机词数量已超出词数据大小, 已自动调整，请手动再次确认！
2024-10-17 17:52:40 - jiatuteng.com 网站TDK设置成功
2024-10-17 17:52:41 - jiatuteng.com 栏目添加成功
2024-10-17 17:52:41 - jiatuteng.com 网站备案设置更新成功
2024-10-17 17:52:41 - jiatuteng.com 添加域名配置入后台成功
2024-10-17 17:52:41 - jiatuteng.com 任务执行完毕！
2024-10-17 17:52:42 -  模板文件上传成功
2024-10-17 17:52:43 - /www/wwwroot//20240913092435529.zip 解压成功
2024-10-17 17:52:43 - 20240913092435529.zip 模板解压完毕
2024-10-17 17:52:43 - kaoqia.com 上传静态规则成功
2024-10-17 17:52:50 - kaoqia.com 网站TDK设置成功
2024-10-17 17:52:51 - kaoqia.com 栏目添加成功
2024-10-17 17:52:51 - kaoqia.com 网站备案设置更新成功
2024-10-17 17:52:51 - kaoqia.com 添加域名配置入后台成功
2024-10-17 17:52:51 - kaoqia.com 任务执行完毕！
2024-10-17 17:52:51 - /www/wwwroot/20241009111513209.zip 已将文件移动到回收站!
2024-10-17 17:52:51 - /www/wwwroot/20240913092435529.zip 已将文件移动到回收站!
2024-10-17 17:52:51 - 所有任务执行完毕！
